{"name":"SearchSara","status":"broken","statusDetails":{"known":false,"muted":false,"flaky":false,"message":"java.lang.ExceptionInInitializerError","trace":"java.lang.ExceptionInInitializerError\n\tat io.appium.java_client.pagefactory.utils.ProxyFactory.getEnhancedProxy(ProxyFactory.java:52)\n\tat io.appium.java_client.pagefactory.utils.ProxyFactory.getEnhancedProxy(ProxyFactory.java:33)\n\tat io.appium.java_client.pagefactory.AppiumFieldDecorator.proxyForAnElement(AppiumFieldDecorator.java:222)\n\tat io.appium.java_client.pagefactory.AppiumFieldDecorator.access$0(AppiumFieldDecorator.java:220)\n\tat io.appium.java_client.pagefactory.AppiumFieldDecorator$1.proxyForLocator(AppiumFieldDecorator.java:105)\n\tat org.openqa.selenium.support.pagefactory.DefaultFieldDecorator.decorate(DefaultFieldDecorator.java:62)\n\tat io.appium.java_client.pagefactory.AppiumFieldDecorator.decorate(AppiumFieldDecorator.java:160)\n\tat org.openqa.selenium.support.PageFactory.proxyFields(PageFactory.java:113)\n\tat org.openqa.selenium.support.PageFactory.initElements(PageFactory.java:105)\n\tat Pages.contactsearchpage.<init>(contactsearchpage.java:16)\n\tat Tests.searchname_test.SearchSara(searchname_test.java:13)\n\tat java.base/jdk.internal.reflect.NativeMethodAccessorImpl.invoke0(Native Method)\n\tat java.base/jdk.internal.reflect.NativeMethodAccessorImpl.invoke(NativeMethodAccessorImpl.java:77)\n\tat java.base/jdk.internal.reflect.DelegatingMethodAccessorImpl.invoke(DelegatingMethodAccessorImpl.java:43)\n\tat java.base/java.lang.reflect.Method.invoke(Method.java:568)\n\tat org.testng.internal.MethodInvocationHelper.invokeMethod(MethodInvocationHelper.java:124)\n\tat org.testng.internal.Invoker.invokeMethod(Invoker.java:583)\n\tat org.testng.internal.Invoker.invokeTestMethod(Invoker.java:719)\n\tat org.testng.internal.Invoker.invokeTestMethods(Invoker.java:989)\n\tat org.testng.internal.TestMethodWorker.invokeTestMethods(TestMethodWorker.java:125)\n\tat org.testng.internal.TestMethodWorker.run(TestMethodWorker.java:109)\n\tat org.testng.TestRunner.privateRun(TestRunner.java:648)\n\tat org.testng.TestRunner.run(TestRunner.java:505)\n\tat org.testng.SuiteRunner.runTest(SuiteRunner.java:455)\n\tat org.testng.SuiteRunner.runSequentially(SuiteRunner.java:450)\n\tat org.testng.SuiteRunner.privateRun(SuiteRunner.java:415)\n\tat org.testng.SuiteRunner.run(SuiteRunner.java:364)\n\tat org.testng.SuiteRunnerWorker.runSuite(SuiteRunnerWorker.java:52)\n\tat org.testng.SuiteRunnerWorker.run(SuiteRunnerWorker.java:84)\n\tat org.testng.TestNG.runSuitesSequentially(TestNG.java:1208)\n\tat org.testng.TestNG.runSuitesLocally(TestNG.java:1137)\n\tat org.testng.TestNG.runSuites(TestNG.java:1049)\n\tat org.testng.TestNG.run(TestNG.java:1017)\n\tat org.testng.remote.AbstractRemoteTestNG.run(AbstractRemoteTestNG.java:115)\n\tat org.testng.remote.RemoteTestNG.initAndRun(RemoteTestNG.java:251)\n\tat org.testng.remote.RemoteTestNG.main(RemoteTestNG.java:77)\nCaused by: net.sf.cglib.core.CodeGenerationException: java.lang.reflect.InaccessibleObjectException-->Unable to make protected final java.lang.Class java.lang.ClassLoader.defineClass(java.lang.String,byte[],int,int,java.security.ProtectionDomain) throws java.lang.ClassFormatError accessible: module java.base does not \"opens java.lang\" to unnamed module @5419f379\n\tat net.sf.cglib.core.ReflectUtils.defineClass(ReflectUtils.java:464)\n\tat net.sf.cglib.core.AbstractClassGenerator.generate(AbstractClassGenerator.java:339)\n\tat net.sf.cglib.core.AbstractClassGenerator$ClassLoaderData$3.apply(AbstractClassGenerator.java:96)\n\tat net.sf.cglib.core.AbstractClassGenerator$ClassLoaderData$3.apply(AbstractClassGenerator.java:94)\n\tat net.sf.cglib.core.internal.LoadingCache$2.call(LoadingCache.java:54)\n\tat java.base/java.util.concurrent.FutureTask.run(FutureTask.java:264)\n\tat net.sf.cglib.core.internal.LoadingCache.createEntry(LoadingCache.java:61)\n\tat net.sf.cglib.core.internal.LoadingCache.get(LoadingCache.java:34)\n\tat net.sf.cglib.core.AbstractClassGenerator$ClassLoaderData.get(AbstractClassGenerator.java:119)\n\tat net.sf.cglib.core.AbstractClassGenerator.create(AbstractClassGenerator.java:294)\n\tat net.sf.cglib.core.KeyFactory$Generator.create(KeyFactory.java:221)\n\tat net.sf.cglib.core.KeyFactory.create(KeyFactory.java:174)\n\tat net.sf.cglib.core.KeyFactory.create(KeyFactory.java:153)\n\tat net.sf.cglib.proxy.Enhancer.<clinit>(Enhancer.java:73)\n\t... 36 more\nCaused by: java.lang.reflect.InaccessibleObjectException: Unable to make protected final java.lang.Class java.lang.ClassLoader.defineClass(java.lang.String,byte[],int,int,java.security.ProtectionDomain) throws java.lang.ClassFormatError accessible: module java.base does not \"opens java.lang\" to unnamed module @5419f379\n\tat java.base/java.lang.reflect.AccessibleObject.checkCanSetAccessible(AccessibleObject.java:354)\n\tat java.base/java.lang.reflect.AccessibleObject.checkCanSetAccessible(AccessibleObject.java:297)\n\tat java.base/java.lang.reflect.Method.checkCanSetAccessible(Method.java:199)\n\tat java.base/java.lang.reflect.Method.setAccessible(Method.java:193)\n\tat net.sf.cglib.core.ReflectUtils$1.run(ReflectUtils.java:61)\n\tat java.base/java.security.AccessController.doPrivileged(AccessController.java:569)\n\tat net.sf.cglib.core.ReflectUtils.<clinit>(ReflectUtils.java:52)\n\tat net.sf.cglib.core.KeyFactory$Generator.generateClass(KeyFactory.java:243)\n\tat net.sf.cglib.core.DefaultGeneratorStrategy.generate(DefaultGeneratorStrategy.java:25)\n\tat net.sf.cglib.core.AbstractClassGenerator.generate(AbstractClassGenerator.java:332)\n\t... 48 more\n"},"stage":"finished","steps":[],"attachments":[],"parameters":[],"start":1648826845055,"stop":1648826847122,"uuid":"1d629e6c-60a0-4219-9e00-17877bdd0c11","historyId":"f8ea242cf7f9af3e7c7417bb35e6054b","fullName":"Tests.searchname_test.SearchSara","labels":[{"name":"package","value":"Tests.searchname_test"},{"name":"testClass","value":"Tests.searchname_test"},{"name":"testMethod","value":"SearchSara"},{"name":"parentSuite","value":"Default suite"},{"name":"suite","value":"Default test"},{"name":"subSuite","value":"Tests.searchname_test"},{"name":"host","value":"Armans-MacBook-Air.local"},{"name":"thread","value":"13447@Armans-MacBook-Air.local.main(1)"},{"name":"framework","value":"testng"},{"name":"language","value":"java"}],"links":[]}